*** Using Compiler 'V5.06 update 7 (build 960)', folder: 'C:\Keil_v5\ARM\ARMCC\Bin'
Build target 'foc-text'
compiling stm32f4xx_it.c...
compiling gpio.c...
compiling main.c...
compiling stm32f4xx_hal_flash.c...
compiling stm32f4xx_hal_flash_ramfunc.c...
compiling stm32f4xx_hal_msp.c...
compiling stm32f4xx_hal_flash_ex.c...
compiling stm32f4xx_hal_dma.c...
compiling dma.c...
compiling tim.c...
compiling stm32f4xx_hal_adc.c...
compiling stm32f4xx_hal_dma_ex.c...
compiling stm32f4xx_hal_rcc.c...
compiling stm32f4xx_hal_pwr_ex.c...
compiling stm32f4xx_hal_gpio.c...
compiling i2c.c...
compiling stm32f4xx_hal.c...
compiling stm32f4xx_hal_pwr.c...
compiling usart.c...
compiling adc.c...
compiling stm32f4xx_hal_adc_ex.c...
compiling stm32f4xx_hal_cortex.c...
compiling stm32f4xx_hal_rcc_ex.c...
compiling jy60.c...
compiling stm32f4xx_hal_i2c_ex.c...
compiling serial.c...
compiling stm32f4xx_hal_exti.c...
compiling system_stm32f4xx.c...
compiling lcd_init.c...
compiling key.c...
compiling as5600.c...
compiling lcd.c...
compiling blance.c...
compiling adc_measure.c...
compiling simplefoc.c...
..\simplefoc\simplefoc.c(336): warning:  #177-D: function "FOC_OuterControl"  was declared but never referenced
  static void FOC_OuterControl(FOC_Motor_t *motor, float dt)
..\simplefoc\simplefoc.c: 1 warning, 0 errors
compiling vofa.c...
compiling stm32f4xx_hal_tim_ex.c...
compiling stm32f4xx_hal_uart.c...
compiling stm32f4xx_hal_i2c.c...
compiling stm32f4xx_hal_tim.c...
linking...
Program Size: Code=28552 RO-data=16112 RW-data=124 ZI-data=3204  
FromELF: creating hex file...
"foc-text\foc-text.axf" - 0 Error(s), 1 Warning(s).
Build Time Elapsed:  00:00:19
